<?xml version="1.0" encoding="UTF-8"?>
<!-- Generated by org.testng.reporters.JUnitXMLReporter -->
<testsuite ignored="0" hostname="LAPTOP-DCH1U2PQ" failures="2" tests="2" name="Test" time="7.202" errors="0" timestamp="2024-09-23T17:52:29 IST">
  <testcase classname="com.nithin.tests.ErrorValidation" name="LoginErrorValidation" time="0.405">
    <failure type="java.lang.AssertionError" message="expected [div] but found [Incorrect email or password.]">
      <![CDATA[java.lang.AssertionError: expected [div] but found [Incorrect email or password.]
at com.nithin.tests.ErrorValidation.LoginErrorValidation(ErrorValidation.java:22)
at java.base/java.util.ArrayList.forEach(ArrayList.java:1596)
... Removed 31 stack frames]]>
    </failure>
  </testcase> <!-- LoginErrorValidation -->
  <testcase classname="com.nithin.tests.ErrorValidation" name="productErrorValidation" time="0.585">
    <failure type="java.lang.NullPointerException" message="Cannot invoke &amp;quot;org.openqa.selenium.WebElement.findElement(org.openqa.selenium.By)&amp;quot; because &amp;quot;prod&amp;quot; is null">
      <![CDATA[java.lang.NullPointerException: Cannot invoke "org.openqa.selenium.WebElement.findElement(org.openqa.selenium.By)" because "prod" is null
at com.nithin.base.pageobject.ProductCatalog.addProductToCart(ProductCatalog.java:52)
at com.nithin.tests.ErrorValidation.productErrorValidation(ErrorValidation.java:34)
at java.base/java.util.ArrayList.forEach(ArrayList.java:1596)
... Removed 25 stack frames]]>
    </failure>
  </testcase> <!-- productErrorValidation -->
</testsuite> <!-- Test -->
